{
  "0 debug pnpm:scope": {
    "selected": 1
  },
  "1 error pnpm": {
    "code": "ELIFECYCLE",
    "errno": "ENOENT",
    "syscall": "spawn",
    "file": "sh",
    "pkgid": "fullstackopen-part4@1.0.0",
    "stage": "start",
    "script": "cross-env NODE_ENV=production node index.js",
    "pkgname": "fullstackopen-part4",
    "err": {
      "name": "Error",
      "message": "fullstackopen-part4@1.0.0 start: `cross-env NODE_ENV=production node index.js`\nspawn ENOENT",
      "code": "ELIFECYCLE",
      "stack": "Error: fullstackopen-part4@1.0.0 start: `cross-env NODE_ENV=production node index.js`\nspawn ENOENT\n    at ChildProcess.<anonymous> (/home/ashu/.nvm/versions/node/v16.1.0/pnpm-global/5/node_modules/.pnpm/pnpm@6.4.0/node_modules/pnpm/dist/pnpm.cjs:92220:22)\n    at ChildProcess.emit (node:events:365:28)\n    at maybeClose (node:internal/child_process:1067:16)\n    at Process.ChildProcess._handle.onexit (node:internal/child_process:301:5)"
    }
  }
}